cuda:0
==========================================================================================
Layer (type:depth-idx)                   Output Shape              Param #
==========================================================================================
UNet                                     [8, 2, 320, 320]          8,456,192
├─double_conv: 1-1                       [8, 32, 320, 320]         --
│    └─Sequential: 2-1                   [8, 32, 320, 320]         --
│    │    └─Conv2d: 3-1                  [8, 32, 320, 320]         608
│    │    └─Identity: 3-2                [8, 32, 320, 320]         --
│    │    └─ReLU: 3-3                    [8, 32, 320, 320]         --
│    └─Sequential: 2-2                   [8, 32, 320, 320]         --
│    │    └─Conv2d: 3-4                  [8, 32, 320, 320]         9,248
│    │    └─Identity: 3-5                [8, 32, 320, 320]         --
│    │    └─ReLU: 3-6                    [8, 32, 320, 320]         --
├─downsampling: 1-2                      [8, 32, 160, 160]         --
│    └─Sequential: 2-3                   [8, 32, 160, 160]         --
│    │    └─Conv2d: 3-7                  [8, 32, 160, 160]         16,416
│    │    └─Identity: 3-8                [8, 32, 160, 160]         --
│    │    └─ReLU: 3-9                    [8, 32, 160, 160]         --
├─double_conv: 1-3                       [8, 64, 160, 160]         --
│    └─Sequential: 2-4                   [8, 64, 160, 160]         --
│    │    └─Conv2d: 3-10                 [8, 64, 160, 160]         18,496
│    │    └─Identity: 3-11               [8, 64, 160, 160]         --
│    │    └─ReLU: 3-12                   [8, 64, 160, 160]         --
│    └─Sequential: 2-5                   [8, 64, 160, 160]         --
│    │    └─Conv2d: 3-13                 [8, 64, 160, 160]         36,928
│    │    └─Identity: 3-14               [8, 64, 160, 160]         --
│    │    └─ReLU: 3-15                   [8, 64, 160, 160]         --
├─downsampling: 1-4                      [8, 64, 80, 80]           --
│    └─Sequential: 2-6                   [8, 64, 80, 80]           --
│    │    └─Conv2d: 3-16                 [8, 64, 80, 80]           65,600
│    │    └─Identity: 3-17               [8, 64, 80, 80]           --
│    │    └─ReLU: 3-18                   [8, 64, 80, 80]           --
├─double_conv: 1-5                       [8, 128, 80, 80]          --
│    └─Sequential: 2-7                   [8, 128, 80, 80]          --
│    │    └─Conv2d: 3-19                 [8, 128, 80, 80]          73,856
│    │    └─Identity: 3-20               [8, 128, 80, 80]          --
│    │    └─ReLU: 3-21                   [8, 128, 80, 80]          --
│    └─Sequential: 2-8                   [8, 128, 80, 80]          --
│    │    └─Conv2d: 3-22                 [8, 128, 80, 80]          147,584
│    │    └─Identity: 3-23               [8, 128, 80, 80]          --
│    │    └─ReLU: 3-24                   [8, 128, 80, 80]          --
├─downsampling: 1-6                      [8, 128, 40, 40]          --
│    └─Sequential: 2-9                   [8, 128, 40, 40]          --
│    │    └─Conv2d: 3-25                 [8, 128, 40, 40]          262,272
│    │    └─Identity: 3-26               [8, 128, 40, 40]          --
│    │    └─ReLU: 3-27                   [8, 128, 40, 40]          --
├─double_conv: 1-7                       [8, 256, 40, 40]          --
│    └─Sequential: 2-10                  [8, 256, 40, 40]          --
│    │    └─Conv2d: 3-28                 [8, 256, 40, 40]          295,168
│    │    └─Identity: 3-29               [8, 256, 40, 40]          --
│    │    └─ReLU: 3-30                   [8, 256, 40, 40]          --
│    └─Sequential: 2-11                  [8, 256, 40, 40]          --
│    │    └─Conv2d: 3-31                 [8, 256, 40, 40]          590,080
│    │    └─Identity: 3-32               [8, 256, 40, 40]          --
│    │    └─ReLU: 3-33                   [8, 256, 40, 40]          --
├─upsampling: 1-8                        [8, 128, 80, 80]          --
│    └─Sequential: 2-12                  [8, 128, 80, 80]          --
│    │    └─Upsample: 3-34               [8, 256, 80, 80]          --
│    │    └─Conv2d: 3-35                 [8, 128, 80, 80]          524,416
│    │    └─Identity: 3-36               [8, 128, 80, 80]          --
│    │    └─SiLU: 3-37                   [8, 128, 80, 80]          --
│    └─Sequential: 2-13                  [8, 128, 80, 80]          --
│    │    └─Conv2d: 3-38                 [8, 128, 80, 80]          295,040
│    │    └─Identity: 3-39               [8, 128, 80, 80]          --
│    │    └─SiLU: 3-40                   [8, 128, 80, 80]          --
│    └─Sequential: 2-14                  [8, 128, 80, 80]          --
│    │    └─Conv2d: 3-41                 [8, 128, 80, 80]          147,584
│    │    └─Identity: 3-42               [8, 128, 80, 80]          --
│    │    └─SiLU: 3-43                   [8, 128, 80, 80]          --
├─upsampling: 1-9                        [8, 64, 160, 160]         --
│    └─Sequential: 2-15                  [8, 64, 160, 160]         --
│    │    └─Upsample: 3-44               [8, 128, 160, 160]        --
│    │    └─Conv2d: 3-45                 [8, 64, 160, 160]         131,136
│    │    └─Identity: 3-46               [8, 64, 160, 160]         --
│    │    └─SiLU: 3-47                   [8, 64, 160, 160]         --
│    └─Sequential: 2-16                  [8, 64, 160, 160]         --
│    │    └─Conv2d: 3-48                 [8, 64, 160, 160]         73,792
│    │    └─Identity: 3-49               [8, 64, 160, 160]         --
│    │    └─SiLU: 3-50                   [8, 64, 160, 160]         --
│    └─Sequential: 2-17                  [8, 64, 160, 160]         --
│    │    └─Conv2d: 3-51                 [8, 64, 160, 160]         36,928
│    │    └─Identity: 3-52               [8, 64, 160, 160]         --
│    │    └─SiLU: 3-53                   [8, 64, 160, 160]         --
├─upsampling: 1-10                       [8, 32, 320, 320]         --
│    └─Sequential: 2-18                  [8, 32, 320, 320]         --
│    │    └─Upsample: 3-54               [8, 64, 320, 320]         --
│    │    └─Conv2d: 3-55                 [8, 32, 320, 320]         32,800
│    │    └─Identity: 3-56               [8, 32, 320, 320]         --
│    │    └─SiLU: 3-57                   [8, 32, 320, 320]         --
│    └─Sequential: 2-19                  [8, 32, 320, 320]         --
│    │    └─Conv2d: 3-58                 [8, 32, 320, 320]         18,464
│    │    └─Identity: 3-59               [8, 32, 320, 320]         --
│    │    └─SiLU: 3-60                   [8, 32, 320, 320]         --
│    └─Sequential: 2-20                  [8, 32, 320, 320]         --
│    │    └─Conv2d: 3-61                 [8, 32, 320, 320]         9,248
│    │    └─Identity: 3-62               [8, 32, 320, 320]         --
│    │    └─SiLU: 3-63                   [8, 32, 320, 320]         --
├─Sequential: 1-11                       [8, 2, 320, 320]          --
│    └─Conv2d: 2-21                      [8, 2, 320, 320]          578
│    └─Tanh: 2-22                        [8, 2, 320, 320]          --
├─upsampling: 1-12                       [8, 32, 320, 320]         --
│    └─Sequential: 2-23                  [8, 32, 320, 320]         --
│    │    └─Upsample: 3-64               [8, 64, 320, 320]         --
│    │    └─Conv2d: 3-65                 [8, 32, 320, 320]         32,800
│    │    └─Identity: 3-66               [8, 32, 320, 320]         --
│    │    └─SiLU: 3-67                   [8, 32, 320, 320]         --
│    └─Sequential: 2-24                  [8, 32, 320, 320]         --
│    │    └─Conv2d: 3-68                 [8, 32, 320, 320]         18,464
│    │    └─Identity: 3-69               [8, 32, 320, 320]         --
│    │    └─SiLU: 3-70                   [8, 32, 320, 320]         --
│    └─Sequential: 2-25                  [8, 32, 320, 320]         --
│    │    └─Conv2d: 3-71                 [8, 32, 320, 320]         9,248
│    │    └─Identity: 3-72               [8, 32, 320, 320]         --
│    │    └─SiLU: 3-73                   [8, 32, 320, 320]         --
├─Sequential: 1-13                       [8, 1, 320, 320]          --
│    └─Conv2d: 2-26                      [8, 1, 320, 320]          289
│    └─Softplus: 2-27                    [8, 1, 320, 320]          --
==========================================================================================
Total params: 11,303,235
Trainable params: 11,303,235
Non-trainable params: 0
Total mult-adds (G): 251.07
==========================================================================================
Input size (MB): 6.55
Forward/backward pass size (MB): 2627.99
Params size (MB): 11.39
Estimated Total Size (MB): 2645.94
==========================================================================================
==========================================================================================
Layer (type:depth-idx)                   Output Shape              Param #
==========================================================================================
UNet                                     [8, 2, 320, 320]          8,456,192
├─double_conv: 1-1                       [8, 32, 320, 320]         --
│    └─Sequential: 2-1                   [8, 32, 320, 320]         --
│    │    └─Conv2d: 3-1                  [8, 32, 320, 320]         608
│    │    └─Identity: 3-2                [8, 32, 320, 320]         --
│    │    └─ReLU: 3-3                    [8, 32, 320, 320]         --
│    └─Sequential: 2-2                   [8, 32, 320, 320]         --
│    │    └─Conv2d: 3-4                  [8, 32, 320, 320]         9,248
│    │    └─Identity: 3-5                [8, 32, 320, 320]         --
│    │    └─ReLU: 3-6                    [8, 32, 320, 320]         --
├─downsampling: 1-2                      [8, 32, 160, 160]         --
│    └─Sequential: 2-3                   [8, 32, 160, 160]         --
│    │    └─Conv2d: 3-7                  [8, 32, 160, 160]         16,416
│    │    └─Identity: 3-8                [8, 32, 160, 160]         --
│    │    └─ReLU: 3-9                    [8, 32, 160, 160]         --
├─double_conv: 1-3                       [8, 64, 160, 160]         --
│    └─Sequential: 2-4                   [8, 64, 160, 160]         --
│    │    └─Conv2d: 3-10                 [8, 64, 160, 160]         18,496
│    │    └─Identity: 3-11               [8, 64, 160, 160]         --
│    │    └─ReLU: 3-12                   [8, 64, 160, 160]         --
│    └─Sequential: 2-5                   [8, 64, 160, 160]         --
│    │    └─Conv2d: 3-13                 [8, 64, 160, 160]         36,928
│    │    └─Identity: 3-14               [8, 64, 160, 160]         --
│    │    └─ReLU: 3-15                   [8, 64, 160, 160]         --
├─downsampling: 1-4                      [8, 64, 80, 80]           --
│    └─Sequential: 2-6                   [8, 64, 80, 80]           --
│    │    └─Conv2d: 3-16                 [8, 64, 80, 80]           65,600
│    │    └─Identity: 3-17               [8, 64, 80, 80]           --
│    │    └─ReLU: 3-18                   [8, 64, 80, 80]           --
├─double_conv: 1-5                       [8, 128, 80, 80]          --
│    └─Sequential: 2-7                   [8, 128, 80, 80]          --
│    │    └─Conv2d: 3-19                 [8, 128, 80, 80]          73,856
│    │    └─Identity: 3-20               [8, 128, 80, 80]          --
│    │    └─ReLU: 3-21                   [8, 128, 80, 80]          --
│    └─Sequential: 2-8                   [8, 128, 80, 80]          --
│    │    └─Conv2d: 3-22                 [8, 128, 80, 80]          147,584
│    │    └─Identity: 3-23               [8, 128, 80, 80]          --
│    │    └─ReLU: 3-24                   [8, 128, 80, 80]          --
├─downsampling: 1-6                      [8, 128, 40, 40]          --
│    └─Sequential: 2-9                   [8, 128, 40, 40]          --
│    │    └─Conv2d: 3-25                 [8, 128, 40, 40]          262,272
│    │    └─Identity: 3-26               [8, 128, 40, 40]          --
│    │    └─ReLU: 3-27                   [8, 128, 40, 40]          --
├─double_conv: 1-7                       [8, 256, 40, 40]          --
│    └─Sequential: 2-10                  [8, 256, 40, 40]          --
│    │    └─Conv2d: 3-28                 [8, 256, 40, 40]          295,168
│    │    └─Identity: 3-29               [8, 256, 40, 40]          --
│    │    └─ReLU: 3-30                   [8, 256, 40, 40]          --
│    └─Sequential: 2-11                  [8, 256, 40, 40]          --
│    │    └─Conv2d: 3-31                 [8, 256, 40, 40]          590,080
│    │    └─Identity: 3-32               [8, 256, 40, 40]          --
│    │    └─ReLU: 3-33                   [8, 256, 40, 40]          --
├─upsampling: 1-8                        [8, 128, 80, 80]          --
│    └─Sequential: 2-12                  [8, 128, 80, 80]          --
│    │    └─Upsample: 3-34               [8, 256, 80, 80]          --
│    │    └─Conv2d: 3-35                 [8, 128, 80, 80]          524,416
│    │    └─Identity: 3-36               [8, 128, 80, 80]          --
│    │    └─SiLU: 3-37                   [8, 128, 80, 80]          --
│    └─Sequential: 2-13                  [8, 128, 80, 80]          --
│    │    └─Conv2d: 3-38                 [8, 128, 80, 80]          295,040
│    │    └─Identity: 3-39               [8, 128, 80, 80]          --
│    │    └─SiLU: 3-40                   [8, 128, 80, 80]          --
│    └─Sequential: 2-14                  [8, 128, 80, 80]          --
│    │    └─Conv2d: 3-41                 [8, 128, 80, 80]          147,584
│    │    └─Identity: 3-42               [8, 128, 80, 80]          --
│    │    └─SiLU: 3-43                   [8, 128, 80, 80]          --
├─upsampling: 1-9                        [8, 64, 160, 160]         --
│    └─Sequential: 2-15                  [8, 64, 160, 160]         --
│    │    └─Upsample: 3-44               [8, 128, 160, 160]        --
│    │    └─Conv2d: 3-45                 [8, 64, 160, 160]         131,136
│    │    └─Identity: 3-46               [8, 64, 160, 160]         --
│    │    └─SiLU: 3-47                   [8, 64, 160, 160]         --
│    └─Sequential: 2-16                  [8, 64, 160, 160]         --
│    │    └─Conv2d: 3-48                 [8, 64, 160, 160]         73,792
│    │    └─Identity: 3-49               [8, 64, 160, 160]         --
│    │    └─SiLU: 3-50                   [8, 64, 160, 160]         --
│    └─Sequential: 2-17                  [8, 64, 160, 160]         --
│    │    └─Conv2d: 3-51                 [8, 64, 160, 160]         36,928
│    │    └─Identity: 3-52               [8, 64, 160, 160]         --
│    │    └─SiLU: 3-53                   [8, 64, 160, 160]         --
├─upsampling: 1-10                       [8, 32, 320, 320]         --
│    └─Sequential: 2-18                  [8, 32, 320, 320]         --
│    │    └─Upsample: 3-54               [8, 64, 320, 320]         --
│    │    └─Conv2d: 3-55                 [8, 32, 320, 320]         32,800
│    │    └─Identity: 3-56               [8, 32, 320, 320]         --
│    │    └─SiLU: 3-57                   [8, 32, 320, 320]         --
│    └─Sequential: 2-19                  [8, 32, 320, 320]         --
│    │    └─Conv2d: 3-58                 [8, 32, 320, 320]         18,464
│    │    └─Identity: 3-59               [8, 32, 320, 320]         --
│    │    └─SiLU: 3-60                   [8, 32, 320, 320]         --
│    └─Sequential: 2-20                  [8, 32, 320, 320]         --
│    │    └─Conv2d: 3-61                 [8, 32, 320, 320]         9,248
│    │    └─Identity: 3-62               [8, 32, 320, 320]         --
│    │    └─SiLU: 3-63                   [8, 32, 320, 320]         --
├─Sequential: 1-11                       [8, 2, 320, 320]          --
│    └─Conv2d: 2-21                      [8, 2, 320, 320]          578
│    └─Tanh: 2-22                        [8, 2, 320, 320]          --
├─upsampling: 1-12                       [8, 32, 320, 320]         --
│    └─Sequential: 2-23                  [8, 32, 320, 320]         --
│    │    └─Upsample: 3-64               [8, 64, 320, 320]         --
│    │    └─Conv2d: 3-65                 [8, 32, 320, 320]         32,800
│    │    └─Identity: 3-66               [8, 32, 320, 320]         --
│    │    └─SiLU: 3-67                   [8, 32, 320, 320]         --
│    └─Sequential: 2-24                  [8, 32, 320, 320]         --
│    │    └─Conv2d: 3-68                 [8, 32, 320, 320]         18,464
│    │    └─Identity: 3-69               [8, 32, 320, 320]         --
│    │    └─SiLU: 3-70                   [8, 32, 320, 320]         --
│    └─Sequential: 2-25                  [8, 32, 320, 320]         --
│    │    └─Conv2d: 3-71                 [8, 32, 320, 320]         9,248
│    │    └─Identity: 3-72               [8, 32, 320, 320]         --
│    │    └─SiLU: 3-73                   [8, 32, 320, 320]         --
├─Sequential: 1-13                       [8, 1, 320, 320]          --
│    └─Conv2d: 2-26                      [8, 1, 320, 320]          289
│    └─Softplus: 2-27                    [8, 1, 320, 320]          --
==========================================================================================
Total params: 11,303,235
Trainable params: 11,303,235
Non-trainable params: 0
Total mult-adds (G): 251.07
==========================================================================================
Input size (MB): 6.55
Forward/backward pass size (MB): 2627.99
Params size (MB): 11.39
Estimated Total Size (MB): 2645.94
==========================================================================================
Validation loss decreased (100000.000000 --> 0.009463).  Saving model ...
Validation loss decreased (0.009463 --> 0.007862).  Saving model ...
Validation loss decreased (0.007862 --> 0.006288).  Saving model ...
Validation loss decreased (0.006288 --> 0.005381).  Saving model ...
Validation loss decreased (0.005381 --> 0.004984).  Saving model ...
Validation loss decreased (0.004984 --> 0.004378).  Saving model ...
Validation loss decreased (0.004378 --> 0.004335).  Saving model ...
Validation loss decreased (0.004335 --> 0.003983).  Saving model ...
Validation loss decreased (0.003983 --> 0.003847).  Saving model ...
Validation loss decreased (0.003847 --> 0.003452).  Saving model ...
Validation loss decreased (0.003452 --> 0.003272).  Saving model ...
Validation loss decreased (0.003272 --> 0.003191).  Saving model ...
Validation loss decreased (0.003191 --> 0.003038).  Saving model ...
Validation loss decreased (0.003038 --> 0.003017).  Saving model ...
Validation loss decreased (0.003017 --> 0.002968).  Saving model ...
Validation loss decreased (0.002968 --> 0.002789).  Saving model ...
Validation loss decreased (0.002789 --> 0.002750).  Saving model ...
Validation loss decreased (0.002750 --> 0.002729).  Saving model ...
Validation loss decreased (0.002729 --> 0.002695).  Saving model ...
Validation loss decreased (0.002695 --> 0.002645).  Saving model ...
Validation loss decreased (0.002645 --> 0.002342).  Saving model ...
Validation loss decreased (0.002342 --> 0.002321).  Saving model ...
Validation loss decreased (0.002321 --> 0.002305).  Saving model ...
Validation loss decreased (0.002305 --> 0.002157).  Saving model ...
Validation loss decreased (0.002157 --> 0.002128).  Saving model ...
Validation loss decreased (0.002128 --> 0.002017).  Saving model ...
Validation loss decreased (0.002017 --> 0.001992).  Saving model ...
Validation loss decreased (0.001992 --> 0.001980).  Saving model ...
Validation loss decreased (0.001980 --> 0.001863).  Saving model ...
